<?xml version="1.0" encoding="UTF-8"?>
<testsuite xmlns:xsi="http://www.w3.org/2001/XMLSchema-instance" xsi:noNamespaceSchemaLocation="https://maven.apache.org/surefire/maven-surefire-plugin/xsd/surefire-test-report-3.0.xsd" version="3.0" name="org.openapitools.client.api.SampleControllerApiTest" time="0.0" tests="5" errors="0" skipped="5" failures="0">
  <properties/>
  <testcase name="deleteSampleTest" classname="org.openapitools.client.api.SampleControllerApiTest" time="0.0">
    <skipped message="class org.openapitools.client.api.SampleControllerApiTest is @Disabled"/>
  </testcase>
  <testcase name="updateSampleTest" classname="org.openapitools.client.api.SampleControllerApiTest" time="0.0">
    <skipped message="class org.openapitools.client.api.SampleControllerApiTest is @Disabled"/>
  </testcase>
  <testcase name="getAllSamplesTest" classname="org.openapitools.client.api.SampleControllerApiTest" time="0.0">
    <skipped message="class org.openapitools.client.api.SampleControllerApiTest is @Disabled"/>
  </testcase>
  <testcase name="getSampleByIdTest" classname="org.openapitools.client.api.SampleControllerApiTest" time="0.0">
    <skipped message="class org.openapitools.client.api.SampleControllerApiTest is @Disabled"/>
  </testcase>
  <testcase name="createSampleTest" classname="org.openapitools.client.api.SampleControllerApiTest" time="0.0">
    <skipped message="class org.openapitools.client.api.SampleControllerApiTest is @Disabled"/>
  </testcase>
</testsuite>