<?xml version="1.0" encoding="UTF-8"?>
<testsuite xmlns:xsi="http://www.w3.org/2001/XMLSchema-instance" xsi:noNamespaceSchemaLocation="https://maven.apache.org/surefire/maven-surefire-plugin/xsd/surefire-test-report.xsd" version="3.0.2" name="com.example.ServiceArchetypeApplicationTests" time="4.972" tests="1" errors="0" skipped="0" failures="0">
  <properties>
    <property name="java.specification.version" value="17"/>
    <property name="sun.cpu.isalist" value="amd64"/>
    <property name="sun.jnu.encoding" value="Cp1252"/>
    <property name="java.class.path" value="C:\Users\GurudattaHosahalliHa\D Drive\Workspace1\MyService\target\test-classes;C:\Users\GurudattaHosahalliHa\D Drive\Workspace1\MyService\target\classes;C:\Users\GurudattaHosahalliHa\.m2\repository\com\astreya\core-starter\0.0.2\core-starter-0.0.2.jar;C:\Users\GurudattaHosahalliHa\.m2\repository\org\springframework\boot\spring-boot-starter-actuator\3.5.4\spring-boot-starter-actuator-3.5.4.jar;C:\Users\GurudattaHosahalliHa\.m2\repository\org\springframework\boot\spring-boot-actuator-autoconfigure\3.5.4\spring-boot-actuator-autoconfigure-3.5.4.jar;C:\Users\GurudattaHosahalliHa\.m2\repository\org\springframework\boot\spring-boot-actuator\3.5.4\spring-boot-actuator-3.5.4.jar;C:\Users\GurudattaHosahalliHa\.m2\repository\io\micrometer\micrometer-observation\1.15.2\micrometer-observation-1.15.2.jar;C:\Users\GurudattaHosahalliHa\.m2\repository\io\micrometer\micrometer-commons\1.15.2\micrometer-commons-1.15.2.jar;C:\Users\GurudattaHosahalliHa\.m2\repository\io\micrometer\micrometer-jakarta9\1.15.2\micrometer-jakarta9-1.15.2.jar;C:\Users\GurudattaHosahalliHa\.m2\repository\io\micrometer\micrometer-core\1.15.2\micrometer-core-1.15.2.jar;C:\Users\GurudattaHosahalliHa\.m2\repository\org\hdrhistogram\HdrHistogram\2.2.2\HdrHistogram-2.2.2.jar;C:\Users\GurudattaHosahalliHa\.m2\repository\org\latencyutils\LatencyUtils\2.0.3\LatencyUtils-2.0.3.jar;C:\Users\GurudattaHosahalliHa\.m2\repository\org\springframework\boot\spring-boot-starter-web\3.5.4\spring-boot-starter-web-3.5.4.jar;C:\Users\GurudattaHosahalliHa\.m2\repository\org\springframework\boot\spring-boot-starter-tomcat\3.5.4\spring-boot-starter-tomcat-3.5.4.jar;C:\Users\GurudattaHosahalliHa\.m2\repository\org\apache\tomcat\embed\tomcat-embed-core\10.1.43\tomcat-embed-core-10.1.43.jar;C:\Users\GurudattaHosahalliHa\.m2\repository\org\apache\tomcat\embed\tomcat-embed-websocket\10.1.43\tomcat-embed-websocket-10.1.43.jar;C:\Users\GurudattaHosahalliHa\.m2\repository\org\springframework\spring-web\6.2.9\spring-web-6.2.9.jar;C:\Users\GurudattaHosahalliHa\.m2\repository\org\springframework\spring-webmvc\6.2.9\spring-webmvc-6.2.9.jar;C:\Users\GurudattaHosahalliHa\.m2\repository\org\springframework\boot\spring-boot-starter\3.5.4\spring-boot-starter-3.5.4.jar;C:\Users\GurudattaHosahalliHa\.m2\repository\org\springframework\boot\spring-boot\3.5.4\spring-boot-3.5.4.jar;C:\Users\GurudattaHosahalliHa\.m2\repository\org\springframework\boot\spring-boot-starter-logging\3.5.4\spring-boot-starter-logging-3.5.4.jar;C:\Users\GurudattaHosahalliHa\.m2\repository\ch\qos\logback\logback-classic\1.5.18\logback-classic-1.5.18.jar;C:\Users\GurudattaHosahalliHa\.m2\repository\ch\qos\logback\logback-core\1.5.18\logback-core-1.5.18.jar;C:\Users\GurudattaHosahalliHa\.m2\repository\org\apache\logging\log4j\log4j-to-slf4j\2.24.3\log4j-to-slf4j-2.24.3.jar;C:\Users\GurudattaHosahalliHa\.m2\repository\org\apache\logging\log4j\log4j-api\2.24.3\log4j-api-2.24.3.jar;C:\Users\GurudattaHosahalliHa\.m2\repository\org\slf4j\jul-to-slf4j\2.0.17\jul-to-slf4j-2.0.17.jar;C:\Users\GurudattaHosahalliHa\.m2\repository\jakarta\annotation\jakarta.annotation-api\2.1.1\jakarta.annotation-api-2.1.1.jar;C:\Users\GurudattaHosahalliHa\.m2\repository\org\yaml\snakeyaml\2.4\snakeyaml-2.4.jar;C:\Users\GurudattaHosahalliHa\.m2\repository\org\springframework\spring-expression\6.2.9\spring-expression-6.2.9.jar;C:\Users\GurudattaHosahalliHa\.m2\repository\org\springframework\spring-context\6.2.9\spring-context-6.2.9.jar;C:\Users\GurudattaHosahalliHa\.m2\repository\org\springframework\spring-aop\6.2.9\spring-aop-6.2.9.jar;C:\Users\GurudattaHosahalliHa\.m2\repository\org\springframework\spring-beans\6.2.9\spring-beans-6.2.9.jar;C:\Users\GurudattaHosahalliHa\.m2\repository\org\springframework\boot\spring-boot-starter-validation\3.5.4\spring-boot-starter-validation-3.5.4.jar;C:\Users\GurudattaHosahalliHa\.m2\repository\org\apache\tomcat\embed\tomcat-embed-el\10.1.43\tomcat-embed-el-10.1.43.jar;C:\Users\GurudattaHosahalliHa\.m2\repository\org\hibernate\validator\hibernate-validator\8.0.2.Final\hibernate-validator-8.0.2.Final.jar;C:\Users\GurudattaHosahalliHa\.m2\repository\jakarta\validation\jakarta.validation-api\3.0.2\jakarta.validation-api-3.0.2.jar;C:\Users\GurudattaHosahalliHa\.m2\repository\org\jboss\logging\jboss-logging\3.6.1.Final\jboss-logging-3.6.1.Final.jar;C:\Users\GurudattaHosahalliHa\.m2\repository\com\fasterxml\classmate\1.7.0\classmate-1.7.0.jar;C:\Users\GurudattaHosahalliHa\.m2\repository\org\springdoc\springdoc-openapi-starter-webmvc-ui\2.8.6\springdoc-openapi-starter-webmvc-ui-2.8.6.jar;C:\Users\GurudattaHosahalliHa\.m2\repository\org\springdoc\springdoc-openapi-starter-webmvc-api\2.8.6\springdoc-openapi-starter-webmvc-api-2.8.6.jar;C:\Users\GurudattaHosahalliHa\.m2\repository\org\springdoc\springdoc-openapi-starter-common\2.8.6\springdoc-openapi-starter-common-2.8.6.jar;C:\Users\GurudattaHosahalliHa\.m2\repository\io\swagger\core\v3\swagger-core-jakarta\2.2.29\swagger-core-jakarta-2.2.29.jar;C:\Users\GurudattaHosahalliHa\.m2\repository\org\apache\commons\commons-lang3\3.17.0\commons-lang3-3.17.0.jar;C:\Users\GurudattaHosahalliHa\.m2\repository\io\swagger\core\v3\swagger-annotations-jakarta\2.2.29\swagger-annotations-jakarta-2.2.29.jar;C:\Users\GurudattaHosahalliHa\.m2\repository\io\swagger\core\v3\swagger-models-jakarta\2.2.29\swagger-models-jakarta-2.2.29.jar;C:\Users\GurudattaHosahalliHa\.m2\repository\com\fasterxml\jackson\dataformat\jackson-dataformat-yaml\2.19.2\jackson-dataformat-yaml-2.19.2.jar;C:\Users\GurudattaHosahalliHa\.m2\repository\org\webjars\swagger-ui\5.20.1\swagger-ui-5.20.1.jar;C:\Users\GurudattaHosahalliHa\.m2\repository\org\webjars\webjars-locator-lite\1.1.0\webjars-locator-lite-1.1.0.jar;C:\Users\GurudattaHosahalliHa\.m2\repository\org\jspecify\jspecify\1.0.0\jspecify-1.0.0.jar;C:\Users\GurudattaHosahalliHa\.m2\repository\org\springframework\boot\spring-boot-starter-json\3.5.4\spring-boot-starter-json-3.5.4.jar;C:\Users\GurudattaHosahalliHa\.m2\repository\com\fasterxml\jackson\core\jackson-databind\2.19.2\jackson-databind-2.19.2.jar;C:\Users\GurudattaHosahalliHa\.m2\repository\com\fasterxml\jackson\core\jackson-annotations\2.19.2\jackson-annotations-2.19.2.jar;C:\Users\GurudattaHosahalliHa\.m2\repository\com\fasterxml\jackson\core\jackson-core\2.19.2\jackson-core-2.19.2.jar;C:\Users\GurudattaHosahalliHa\.m2\repository\com\fasterxml\jackson\datatype\jackson-datatype-jdk8\2.19.2\jackson-datatype-jdk8-2.19.2.jar;C:\Users\GurudattaHosahalliHa\.m2\repository\com\fasterxml\jackson\datatype\jackson-datatype-jsr310\2.19.2\jackson-datatype-jsr310-2.19.2.jar;C:\Users\GurudattaHosahalliHa\.m2\repository\com\fasterxml\jackson\module\jackson-module-parameter-names\2.19.2\jackson-module-parameter-names-2.19.2.jar;C:\Users\GurudattaHosahalliHa\.m2\repository\com\astreya\multi-source-db-starter\0.0.1\multi-source-db-starter-0.0.1.jar;C:\Users\GurudattaHosahalliHa\.m2\repository\org\springframework\boot\spring-boot-autoconfigure\3.5.4\spring-boot-autoconfigure-3.5.4.jar;C:\Users\GurudattaHosahalliHa\.m2\repository\org\springframework\boot\spring-boot-starter-data-jpa\3.5.4\spring-boot-starter-data-jpa-3.5.4.jar;C:\Users\GurudattaHosahalliHa\.m2\repository\org\springframework\boot\spring-boot-starter-jdbc\3.5.4\spring-boot-starter-jdbc-3.5.4.jar;C:\Users\GurudattaHosahalliHa\.m2\repository\com\zaxxer\HikariCP\6.3.1\HikariCP-6.3.1.jar;C:\Users\GurudattaHosahalliHa\.m2\repository\org\springframework\spring-jdbc\6.2.9\spring-jdbc-6.2.9.jar;C:\Users\GurudattaHosahalliHa\.m2\repository\org\hibernate\orm\hibernate-core\6.6.22.Final\hibernate-core-6.6.22.Final.jar;C:\Users\GurudattaHosahalliHa\.m2\repository\jakarta\persistence\jakarta.persistence-api\3.1.0\jakarta.persistence-api-3.1.0.jar;C:\Users\GurudattaHosahalliHa\.m2\repository\jakarta\transaction\jakarta.transaction-api\2.0.1\jakarta.transaction-api-2.0.1.jar;C:\Users\GurudattaHosahalliHa\.m2\repository\org\hibernate\common\hibernate-commons-annotations\7.0.3.Final\hibernate-commons-annotations-7.0.3.Final.jar;C:\Users\GurudattaHosahalliHa\.m2\repository\io\smallrye\jandex\3.2.0\jandex-3.2.0.jar;C:\Users\GurudattaHosahalliHa\.m2\repository\org\glassfish\jaxb\jaxb-runtime\4.0.5\jaxb-runtime-4.0.5.jar;C:\Users\GurudattaHosahalliHa\.m2\repository\org\glassfish\jaxb\jaxb-core\4.0.5\jaxb-core-4.0.5.jar;C:\Users\GurudattaHosahalliHa\.m2\repository\org\eclipse\angus\angus-activation\2.0.2\angus-activation-2.0.2.jar;C:\Users\GurudattaHosahalliHa\.m2\repository\org\glassfish\jaxb\txw2\4.0.5\txw2-4.0.5.jar;C:\Users\GurudattaHosahalliHa\.m2\repository\com\sun\istack\istack-commons-runtime\4.1.2\istack-commons-runtime-4.1.2.jar;C:\Users\GurudattaHosahalliHa\.m2\repository\jakarta\inject\jakarta.inject-api\2.0.1\jakarta.inject-api-2.0.1.jar;C:\Users\GurudattaHosahalliHa\.m2\repository\org\antlr\antlr4-runtime\4.13.0\antlr4-runtime-4.13.0.jar;C:\Users\GurudattaHosahalliHa\.m2\repository\org\springframework\data\spring-data-jpa\3.5.2\spring-data-jpa-3.5.2.jar;C:\Users\GurudattaHosahalliHa\.m2\repository\org\springframework\data\spring-data-commons\3.5.2\spring-data-commons-3.5.2.jar;C:\Users\GurudattaHosahalliHa\.m2\repository\org\springframework\spring-orm\6.2.9\spring-orm-6.2.9.jar;C:\Users\GurudattaHosahalliHa\.m2\repository\org\springframework\spring-tx\6.2.9\spring-tx-6.2.9.jar;C:\Users\GurudattaHosahalliHa\.m2\repository\org\springframework\spring-aspects\6.2.9\spring-aspects-6.2.9.jar;C:\Users\GurudattaHosahalliHa\.m2\repository\org\aspectj\aspectjweaver\1.9.24\aspectjweaver-1.9.24.jar;C:\Users\GurudattaHosahalliHa\.m2\repository\com\h2database\h2\2.3.232\h2-2.3.232.jar;C:\Users\GurudattaHosahalliHa\.m2\repository\org\postgresql\postgresql\42.7.7\postgresql-42.7.7.jar;C:\Users\GurudattaHosahalliHa\.m2\repository\org\checkerframework\checker-qual\3.49.3\checker-qual-3.49.3.jar;C:\Users\GurudattaHosahalliHa\.m2\repository\org\mariadb\jdbc\mariadb-java-client\3.5.4\mariadb-java-client-3.5.4.jar;C:\Users\GurudattaHosahalliHa\.m2\repository\org\springframework\boot\spring-boot-starter-test\3.5.4\spring-boot-starter-test-3.5.4.jar;C:\Users\GurudattaHosahalliHa\.m2\repository\org\springframework\boot\spring-boot-test\3.5.4\spring-boot-test-3.5.4.jar;C:\Users\GurudattaHosahalliHa\.m2\repository\org\springframework\boot\spring-boot-test-autoconfigure\3.5.4\spring-boot-test-autoconfigure-3.5.4.jar;C:\Users\GurudattaHosahalliHa\.m2\repository\com\jayway\jsonpath\json-path\2.9.0\json-path-2.9.0.jar;C:\Users\GurudattaHosahalliHa\.m2\repository\org\slf4j\slf4j-api\2.0.17\slf4j-api-2.0.17.jar;C:\Users\GurudattaHosahalliHa\.m2\repository\jakarta\xml\bind\jakarta.xml.bind-api\4.0.2\jakarta.xml.bind-api-4.0.2.jar;C:\Users\GurudattaHosahalliHa\.m2\repository\jakarta\activation\jakarta.activation-api\2.1.3\jakarta.activation-api-2.1.3.jar;C:\Users\GurudattaHosahalliHa\.m2\repository\net\minidev\json-smart\2.5.2\json-smart-2.5.2.jar;C:\Users\GurudattaHosahalliHa\.m2\repository\net\minidev\accessors-smart\2.5.2\accessors-smart-2.5.2.jar;C:\Users\GurudattaHosahalliHa\.m2\repository\org\ow2\asm\asm\9.7.1\asm-9.7.1.jar;C:\Users\GurudattaHosahalliHa\.m2\repository\org\assertj\assertj-core\3.27.3\assertj-core-3.27.3.jar;C:\Users\GurudattaHosahalliHa\.m2\repository\net\bytebuddy\byte-buddy\1.17.6\byte-buddy-1.17.6.jar;C:\Users\GurudattaHosahalliHa\.m2\repository\org\awaitility\awaitility\4.2.2\awaitility-4.2.2.jar;C:\Users\GurudattaHosahalliHa\.m2\repository\org\hamcrest\hamcrest\3.0\hamcrest-3.0.jar;C:\Users\GurudattaHosahalliHa\.m2\repository\org\junit\jupiter\junit-jupiter\5.12.2\junit-jupiter-5.12.2.jar;C:\Users\GurudattaHosahalliHa\.m2\repository\org\junit\jupiter\junit-jupiter-api\5.12.2\junit-jupiter-api-5.12.2.jar;C:\Users\GurudattaHosahalliHa\.m2\repository\org\opentest4j\opentest4j\1.3.0\opentest4j-1.3.0.jar;C:\Users\GurudattaHosahalliHa\.m2\repository\org\junit\platform\junit-platform-commons\1.12.2\junit-platform-commons-1.12.2.jar;C:\Users\GurudattaHosahalliHa\.m2\repository\org\apiguardian\apiguardian-api\1.1.2\apiguardian-api-1.1.2.jar;C:\Users\GurudattaHosahalliHa\.m2\repository\org\junit\jupiter\junit-jupiter-params\5.12.2\junit-jupiter-params-5.12.2.jar;C:\Users\GurudattaHosahalliHa\.m2\repository\org\junit\jupiter\junit-jupiter-engine\5.12.2\junit-jupiter-engine-5.12.2.jar;C:\Users\GurudattaHosahalliHa\.m2\repository\org\junit\platform\junit-platform-engine\1.12.2\junit-platform-engine-1.12.2.jar;C:\Users\GurudattaHosahalliHa\.m2\repository\org\mockito\mockito-core\5.17.0\mockito-core-5.17.0.jar;C:\Users\GurudattaHosahalliHa\.m2\repository\net\bytebuddy\byte-buddy-agent\1.17.6\byte-buddy-agent-1.17.6.jar;C:\Users\GurudattaHosahalliHa\.m2\repository\org\objenesis\objenesis\3.3\objenesis-3.3.jar;C:\Users\GurudattaHosahalliHa\.m2\repository\org\mockito\mockito-junit-jupiter\5.17.0\mockito-junit-jupiter-5.17.0.jar;C:\Users\GurudattaHosahalliHa\.m2\repository\org\skyscreamer\jsonassert\1.5.3\jsonassert-1.5.3.jar;C:\Users\GurudattaHosahalliHa\.m2\repository\com\vaadin\external\google\android-json\0.0.20131108.vaadin1\android-json-0.0.20131108.vaadin1.jar;C:\Users\GurudattaHosahalliHa\.m2\repository\org\springframework\spring-core\6.2.9\spring-core-6.2.9.jar;C:\Users\GurudattaHosahalliHa\.m2\repository\org\springframework\spring-jcl\6.2.9\spring-jcl-6.2.9.jar;C:\Users\GurudattaHosahalliHa\.m2\repository\org\springframework\spring-test\6.2.9\spring-test-6.2.9.jar;C:\Users\GurudattaHosahalliHa\.m2\repository\org\xmlunit\xmlunit-core\2.10.3\xmlunit-core-2.10.3.jar;"/>
    <property name="java.vm.vendor" value="OpenLogic"/>
    <property name="sun.arch.data.model" value="64"/>
    <property name="user.variant" value=""/>
    <property name="java.vendor.url" value="https://openlogic.com/"/>
    <property name="user.timezone" value="Asia/Calcutta"/>
    <property name="org.jboss.logging.provider" value="slf4j"/>
    <property name="os.name" value="Windows 11"/>
    <property name="java.vm.specification.version" value="17"/>
    <property name="APPLICATION_NAME" value="MyService"/>
    <property name="sun.java.launcher" value="SUN_STANDARD"/>
    <property name="user.country" value="IN"/>
    <property name="sun.boot.library.path" value="C:\Users\GurudattaHosahalliHa\D Drive\java\openlogic-openjdk-17.0.16+8-windows-x64\bin"/>
    <property name="sun.java.command" value="C:\Users\GurudattaHosahalliHa\AppData\Local\Temp\surefire7897661098688273302\surefirebooter-20250820152148098_3.jar C:\Users\GurudattaHosahalliHa\AppData\Local\Temp\surefire7897661098688273302 2025-08-20T15-21-47_926-jvmRun1 surefire-20250820152148098_1tmp surefire_0-20250820152148098_2tmp"/>
    <property name="jdk.debug" value="release"/>
    <property name="surefire.test.class.path" value="C:\Users\GurudattaHosahalliHa\D Drive\Workspace1\MyService\target\test-classes;C:\Users\GurudattaHosahalliHa\D Drive\Workspace1\MyService\target\classes;C:\Users\GurudattaHosahalliHa\.m2\repository\com\astreya\core-starter\0.0.2\core-starter-0.0.2.jar;C:\Users\GurudattaHosahalliHa\.m2\repository\org\springframework\boot\spring-boot-starter-actuator\3.5.4\spring-boot-starter-actuator-3.5.4.jar;C:\Users\GurudattaHosahalliHa\.m2\repository\org\springframework\boot\spring-boot-actuator-autoconfigure\3.5.4\spring-boot-actuator-autoconfigure-3.5.4.jar;C:\Users\GurudattaHosahalliHa\.m2\repository\org\springframework\boot\spring-boot-actuator\3.5.4\spring-boot-actuator-3.5.4.jar;C:\Users\GurudattaHosahalliHa\.m2\repository\io\micrometer\micrometer-observation\1.15.2\micrometer-observation-1.15.2.jar;C:\Users\GurudattaHosahalliHa\.m2\repository\io\micrometer\micrometer-commons\1.15.2\micrometer-commons-1.15.2.jar;C:\Users\GurudattaHosahalliHa\.m2\repository\io\micrometer\micrometer-jakarta9\1.15.2\micrometer-jakarta9-1.15.2.jar;C:\Users\GurudattaHosahalliHa\.m2\repository\io\micrometer\micrometer-core\1.15.2\micrometer-core-1.15.2.jar;C:\Users\GurudattaHosahalliHa\.m2\repository\org\hdrhistogram\HdrHistogram\2.2.2\HdrHistogram-2.2.2.jar;C:\Users\GurudattaHosahalliHa\.m2\repository\org\latencyutils\LatencyUtils\2.0.3\LatencyUtils-2.0.3.jar;C:\Users\GurudattaHosahalliHa\.m2\repository\org\springframework\boot\spring-boot-starter-web\3.5.4\spring-boot-starter-web-3.5.4.jar;C:\Users\GurudattaHosahalliHa\.m2\repository\org\springframework\boot\spring-boot-starter-tomcat\3.5.4\spring-boot-starter-tomcat-3.5.4.jar;C:\Users\GurudattaHosahalliHa\.m2\repository\org\apache\tomcat\embed\tomcat-embed-core\10.1.43\tomcat-embed-core-10.1.43.jar;C:\Users\GurudattaHosahalliHa\.m2\repository\org\apache\tomcat\embed\tomcat-embed-websocket\10.1.43\tomcat-embed-websocket-10.1.43.jar;C:\Users\GurudattaHosahalliHa\.m2\repository\org\springframework\spring-web\6.2.9\spring-web-6.2.9.jar;C:\Users\GurudattaHosahalliHa\.m2\repository\org\springframework\spring-webmvc\6.2.9\spring-webmvc-6.2.9.jar;C:\Users\GurudattaHosahalliHa\.m2\repository\org\springframework\boot\spring-boot-starter\3.5.4\spring-boot-starter-3.5.4.jar;C:\Users\GurudattaHosahalliHa\.m2\repository\org\springframework\boot\spring-boot\3.5.4\spring-boot-3.5.4.jar;C:\Users\GurudattaHosahalliHa\.m2\repository\org\springframework\boot\spring-boot-starter-logging\3.5.4\spring-boot-starter-logging-3.5.4.jar;C:\Users\GurudattaHosahalliHa\.m2\repository\ch\qos\logback\logback-classic\1.5.18\logback-classic-1.5.18.jar;C:\Users\GurudattaHosahalliHa\.m2\repository\ch\qos\logback\logback-core\1.5.18\logback-core-1.5.18.jar;C:\Users\GurudattaHosahalliHa\.m2\repository\org\apache\logging\log4j\log4j-to-slf4j\2.24.3\log4j-to-slf4j-2.24.3.jar;C:\Users\GurudattaHosahalliHa\.m2\repository\org\apache\logging\log4j\log4j-api\2.24.3\log4j-api-2.24.3.jar;C:\Users\GurudattaHosahalliHa\.m2\repository\org\slf4j\jul-to-slf4j\2.0.17\jul-to-slf4j-2.0.17.jar;C:\Users\GurudattaHosahalliHa\.m2\repository\jakarta\annotation\jakarta.annotation-api\2.1.1\jakarta.annotation-api-2.1.1.jar;C:\Users\GurudattaHosahalliHa\.m2\repository\org\yaml\snakeyaml\2.4\snakeyaml-2.4.jar;C:\Users\GurudattaHosahalliHa\.m2\repository\org\springframework\spring-expression\6.2.9\spring-expression-6.2.9.jar;C:\Users\GurudattaHosahalliHa\.m2\repository\org\springframework\spring-context\6.2.9\spring-context-6.2.9.jar;C:\Users\GurudattaHosahalliHa\.m2\repository\org\springframework\spring-aop\6.2.9\spring-aop-6.2.9.jar;C:\Users\GurudattaHosahalliHa\.m2\repository\org\springframework\spring-beans\6.2.9\spring-beans-6.2.9.jar;C:\Users\GurudattaHosahalliHa\.m2\repository\org\springframework\boot\spring-boot-starter-validation\3.5.4\spring-boot-starter-validation-3.5.4.jar;C:\Users\GurudattaHosahalliHa\.m2\repository\org\apache\tomcat\embed\tomcat-embed-el\10.1.43\tomcat-embed-el-10.1.43.jar;C:\Users\GurudattaHosahalliHa\.m2\repository\org\hibernate\validator\hibernate-validator\8.0.2.Final\hibernate-validator-8.0.2.Final.jar;C:\Users\GurudattaHosahalliHa\.m2\repository\jakarta\validation\jakarta.validation-api\3.0.2\jakarta.validation-api-3.0.2.jar;C:\Users\GurudattaHosahalliHa\.m2\repository\org\jboss\logging\jboss-logging\3.6.1.Final\jboss-logging-3.6.1.Final.jar;C:\Users\GurudattaHosahalliHa\.m2\repository\com\fasterxml\classmate\1.7.0\classmate-1.7.0.jar;C:\Users\GurudattaHosahalliHa\.m2\repository\org\springdoc\springdoc-openapi-starter-webmvc-ui\2.8.6\springdoc-openapi-starter-webmvc-ui-2.8.6.jar;C:\Users\GurudattaHosahalliHa\.m2\repository\org\springdoc\springdoc-openapi-starter-webmvc-api\2.8.6\springdoc-openapi-starter-webmvc-api-2.8.6.jar;C:\Users\GurudattaHosahalliHa\.m2\repository\org\springdoc\springdoc-openapi-starter-common\2.8.6\springdoc-openapi-starter-common-2.8.6.jar;C:\Users\GurudattaHosahalliHa\.m2\repository\io\swagger\core\v3\swagger-core-jakarta\2.2.29\swagger-core-jakarta-2.2.29.jar;C:\Users\GurudattaHosahalliHa\.m2\repository\org\apache\commons\commons-lang3\3.17.0\commons-lang3-3.17.0.jar;C:\Users\GurudattaHosahalliHa\.m2\repository\io\swagger\core\v3\swagger-annotations-jakarta\2.2.29\swagger-annotations-jakarta-2.2.29.jar;C:\Users\GurudattaHosahalliHa\.m2\repository\io\swagger\core\v3\swagger-models-jakarta\2.2.29\swagger-models-jakarta-2.2.29.jar;C:\Users\GurudattaHosahalliHa\.m2\repository\com\fasterxml\jackson\dataformat\jackson-dataformat-yaml\2.19.2\jackson-dataformat-yaml-2.19.2.jar;C:\Users\GurudattaHosahalliHa\.m2\repository\org\webjars\swagger-ui\5.20.1\swagger-ui-5.20.1.jar;C:\Users\GurudattaHosahalliHa\.m2\repository\org\webjars\webjars-locator-lite\1.1.0\webjars-locator-lite-1.1.0.jar;C:\Users\GurudattaHosahalliHa\.m2\repository\org\jspecify\jspecify\1.0.0\jspecify-1.0.0.jar;C:\Users\GurudattaHosahalliHa\.m2\repository\org\springframework\boot\spring-boot-starter-json\3.5.4\spring-boot-starter-json-3.5.4.jar;C:\Users\GurudattaHosahalliHa\.m2\repository\com\fasterxml\jackson\core\jackson-databind\2.19.2\jackson-databind-2.19.2.jar;C:\Users\GurudattaHosahalliHa\.m2\repository\com\fasterxml\jackson\core\jackson-annotations\2.19.2\jackson-annotations-2.19.2.jar;C:\Users\GurudattaHosahalliHa\.m2\repository\com\fasterxml\jackson\core\jackson-core\2.19.2\jackson-core-2.19.2.jar;C:\Users\GurudattaHosahalliHa\.m2\repository\com\fasterxml\jackson\datatype\jackson-datatype-jdk8\2.19.2\jackson-datatype-jdk8-2.19.2.jar;C:\Users\GurudattaHosahalliHa\.m2\repository\com\fasterxml\jackson\datatype\jackson-datatype-jsr310\2.19.2\jackson-datatype-jsr310-2.19.2.jar;C:\Users\GurudattaHosahalliHa\.m2\repository\com\fasterxml\jackson\module\jackson-module-parameter-names\2.19.2\jackson-module-parameter-names-2.19.2.jar;C:\Users\GurudattaHosahalliHa\.m2\repository\com\astreya\multi-source-db-starter\0.0.1\multi-source-db-starter-0.0.1.jar;C:\Users\GurudattaHosahalliHa\.m2\repository\org\springframework\boot\spring-boot-autoconfigure\3.5.4\spring-boot-autoconfigure-3.5.4.jar;C:\Users\GurudattaHosahalliHa\.m2\repository\org\springframework\boot\spring-boot-starter-data-jpa\3.5.4\spring-boot-starter-data-jpa-3.5.4.jar;C:\Users\GurudattaHosahalliHa\.m2\repository\org\springframework\boot\spring-boot-starter-jdbc\3.5.4\spring-boot-starter-jdbc-3.5.4.jar;C:\Users\GurudattaHosahalliHa\.m2\repository\com\zaxxer\HikariCP\6.3.1\HikariCP-6.3.1.jar;C:\Users\GurudattaHosahalliHa\.m2\repository\org\springframework\spring-jdbc\6.2.9\spring-jdbc-6.2.9.jar;C:\Users\GurudattaHosahalliHa\.m2\repository\org\hibernate\orm\hibernate-core\6.6.22.Final\hibernate-core-6.6.22.Final.jar;C:\Users\GurudattaHosahalliHa\.m2\repository\jakarta\persistence\jakarta.persistence-api\3.1.0\jakarta.persistence-api-3.1.0.jar;C:\Users\GurudattaHosahalliHa\.m2\repository\jakarta\transaction\jakarta.transaction-api\2.0.1\jakarta.transaction-api-2.0.1.jar;C:\Users\GurudattaHosahalliHa\.m2\repository\org\hibernate\common\hibernate-commons-annotations\7.0.3.Final\hibernate-commons-annotations-7.0.3.Final.jar;C:\Users\GurudattaHosahalliHa\.m2\repository\io\smallrye\jandex\3.2.0\jandex-3.2.0.jar;C:\Users\GurudattaHosahalliHa\.m2\repository\org\glassfish\jaxb\jaxb-runtime\4.0.5\jaxb-runtime-4.0.5.jar;C:\Users\GurudattaHosahalliHa\.m2\repository\org\glassfish\jaxb\jaxb-core\4.0.5\jaxb-core-4.0.5.jar;C:\Users\GurudattaHosahalliHa\.m2\repository\org\eclipse\angus\angus-activation\2.0.2\angus-activation-2.0.2.jar;C:\Users\GurudattaHosahalliHa\.m2\repository\org\glassfish\jaxb\txw2\4.0.5\txw2-4.0.5.jar;C:\Users\GurudattaHosahalliHa\.m2\repository\com\sun\istack\istack-commons-runtime\4.1.2\istack-commons-runtime-4.1.2.jar;C:\Users\GurudattaHosahalliHa\.m2\repository\jakarta\inject\jakarta.inject-api\2.0.1\jakarta.inject-api-2.0.1.jar;C:\Users\GurudattaHosahalliHa\.m2\repository\org\antlr\antlr4-runtime\4.13.0\antlr4-runtime-4.13.0.jar;C:\Users\GurudattaHosahalliHa\.m2\repository\org\springframework\data\spring-data-jpa\3.5.2\spring-data-jpa-3.5.2.jar;C:\Users\GurudattaHosahalliHa\.m2\repository\org\springframework\data\spring-data-commons\3.5.2\spring-data-commons-3.5.2.jar;C:\Users\GurudattaHosahalliHa\.m2\repository\org\springframework\spring-orm\6.2.9\spring-orm-6.2.9.jar;C:\Users\GurudattaHosahalliHa\.m2\repository\org\springframework\spring-tx\6.2.9\spring-tx-6.2.9.jar;C:\Users\GurudattaHosahalliHa\.m2\repository\org\springframework\spring-aspects\6.2.9\spring-aspects-6.2.9.jar;C:\Users\GurudattaHosahalliHa\.m2\repository\org\aspectj\aspectjweaver\1.9.24\aspectjweaver-1.9.24.jar;C:\Users\GurudattaHosahalliHa\.m2\repository\com\h2database\h2\2.3.232\h2-2.3.232.jar;C:\Users\GurudattaHosahalliHa\.m2\repository\org\postgresql\postgresql\42.7.7\postgresql-42.7.7.jar;C:\Users\GurudattaHosahalliHa\.m2\repository\org\checkerframework\checker-qual\3.49.3\checker-qual-3.49.3.jar;C:\Users\GurudattaHosahalliHa\.m2\repository\org\mariadb\jdbc\mariadb-java-client\3.5.4\mariadb-java-client-3.5.4.jar;C:\Users\GurudattaHosahalliHa\.m2\repository\org\springframework\boot\spring-boot-starter-test\3.5.4\spring-boot-starter-test-3.5.4.jar;C:\Users\GurudattaHosahalliHa\.m2\repository\org\springframework\boot\spring-boot-test\3.5.4\spring-boot-test-3.5.4.jar;C:\Users\GurudattaHosahalliHa\.m2\repository\org\springframework\boot\spring-boot-test-autoconfigure\3.5.4\spring-boot-test-autoconfigure-3.5.4.jar;C:\Users\GurudattaHosahalliHa\.m2\repository\com\jayway\jsonpath\json-path\2.9.0\json-path-2.9.0.jar;C:\Users\GurudattaHosahalliHa\.m2\repository\org\slf4j\slf4j-api\2.0.17\slf4j-api-2.0.17.jar;C:\Users\GurudattaHosahalliHa\.m2\repository\jakarta\xml\bind\jakarta.xml.bind-api\4.0.2\jakarta.xml.bind-api-4.0.2.jar;C:\Users\GurudattaHosahalliHa\.m2\repository\jakarta\activation\jakarta.activation-api\2.1.3\jakarta.activation-api-2.1.3.jar;C:\Users\GurudattaHosahalliHa\.m2\repository\net\minidev\json-smart\2.5.2\json-smart-2.5.2.jar;C:\Users\GurudattaHosahalliHa\.m2\repository\net\minidev\accessors-smart\2.5.2\accessors-smart-2.5.2.jar;C:\Users\GurudattaHosahalliHa\.m2\repository\org\ow2\asm\asm\9.7.1\asm-9.7.1.jar;C:\Users\GurudattaHosahalliHa\.m2\repository\org\assertj\assertj-core\3.27.3\assertj-core-3.27.3.jar;C:\Users\GurudattaHosahalliHa\.m2\repository\net\bytebuddy\byte-buddy\1.17.6\byte-buddy-1.17.6.jar;C:\Users\GurudattaHosahalliHa\.m2\repository\org\awaitility\awaitility\4.2.2\awaitility-4.2.2.jar;C:\Users\GurudattaHosahalliHa\.m2\repository\org\hamcrest\hamcrest\3.0\hamcrest-3.0.jar;C:\Users\GurudattaHosahalliHa\.m2\repository\org\junit\jupiter\junit-jupiter\5.12.2\junit-jupiter-5.12.2.jar;C:\Users\GurudattaHosahalliHa\.m2\repository\org\junit\jupiter\junit-jupiter-api\5.12.2\junit-jupiter-api-5.12.2.jar;C:\Users\GurudattaHosahalliHa\.m2\repository\org\opentest4j\opentest4j\1.3.0\opentest4j-1.3.0.jar;C:\Users\GurudattaHosahalliHa\.m2\repository\org\junit\platform\junit-platform-commons\1.12.2\junit-platform-commons-1.12.2.jar;C:\Users\GurudattaHosahalliHa\.m2\repository\org\apiguardian\apiguardian-api\1.1.2\apiguardian-api-1.1.2.jar;C:\Users\GurudattaHosahalliHa\.m2\repository\org\junit\jupiter\junit-jupiter-params\5.12.2\junit-jupiter-params-5.12.2.jar;C:\Users\GurudattaHosahalliHa\.m2\repository\org\junit\jupiter\junit-jupiter-engine\5.12.2\junit-jupiter-engine-5.12.2.jar;C:\Users\GurudattaHosahalliHa\.m2\repository\org\junit\platform\junit-platform-engine\1.12.2\junit-platform-engine-1.12.2.jar;C:\Users\GurudattaHosahalliHa\.m2\repository\org\mockito\mockito-core\5.17.0\mockito-core-5.17.0.jar;C:\Users\GurudattaHosahalliHa\.m2\repository\net\bytebuddy\byte-buddy-agent\1.17.6\byte-buddy-agent-1.17.6.jar;C:\Users\GurudattaHosahalliHa\.m2\repository\org\objenesis\objenesis\3.3\objenesis-3.3.jar;C:\Users\GurudattaHosahalliHa\.m2\repository\org\mockito\mockito-junit-jupiter\5.17.0\mockito-junit-jupiter-5.17.0.jar;C:\Users\GurudattaHosahalliHa\.m2\repository\org\skyscreamer\jsonassert\1.5.3\jsonassert-1.5.3.jar;C:\Users\GurudattaHosahalliHa\.m2\repository\com\vaadin\external\google\android-json\0.0.20131108.vaadin1\android-json-0.0.20131108.vaadin1.jar;C:\Users\GurudattaHosahalliHa\.m2\repository\org\springframework\spring-core\6.2.9\spring-core-6.2.9.jar;C:\Users\GurudattaHosahalliHa\.m2\repository\org\springframework\spring-jcl\6.2.9\spring-jcl-6.2.9.jar;C:\Users\GurudattaHosahalliHa\.m2\repository\org\springframework\spring-test\6.2.9\spring-test-6.2.9.jar;C:\Users\GurudattaHosahalliHa\.m2\repository\org\xmlunit\xmlunit-core\2.10.3\xmlunit-core-2.10.3.jar;"/>
    <property name="sun.cpu.endian" value="little"/>
    <property name="user.home" value="C:\Users\GurudattaHosahalliHa"/>
    <property name="user.language" value="en"/>
    <property name="java.specification.vendor" value="Oracle Corporation"/>
    <property name="java.version.date" value="2025-07-15"/>
    <property name="java.home" value="C:\Users\GurudattaHosahalliHa\D Drive\java\openlogic-openjdk-17.0.16+8-windows-x64"/>
    <property name="file.separator" value="\"/>
    <property name="basedir" value="C:\Users\GurudattaHosahalliHa\D Drive\Workspace1\MyService"/>
    <property name="java.vm.compressedOopsMode" value="Zero based"/>
    <property name="line.separator" value="&#10;"/>
    <property name="java.vm.specification.vendor" value="Oracle Corporation"/>
    <property name="java.specification.name" value="Java Platform API Specification"/>
    <property name="FILE_LOG_CHARSET" value="windows-1252"/>
    <property name="java.awt.headless" value="true"/>
    <property name="surefire.real.class.path" value="C:\Users\GurudattaHosahalliHa\AppData\Local\Temp\surefire7897661098688273302\surefirebooter-20250820152148098_3.jar"/>
    <property name="user.script" value=""/>
    <property name="sun.management.compiler" value="HotSpot 64-Bit Tiered Compilers"/>
    <property name="java.runtime.version" value="17.0.16+8-adhoc..jdk17u"/>
    <property name="user.name" value="GurudattaHosahalliHa"/>
    <property name="path.separator" value=";"/>
    <property name="os.version" value="10.0"/>
    <property name="java.runtime.name" value="OpenJDK Runtime Environment"/>
    <property name="file.encoding" value="Cp1252"/>
    <property name="java.vm.name" value="OpenJDK 64-Bit Server VM"/>
    <property name="java.vendor.version" value="OpenLogic-OpenJDK"/>
    <property name="localRepository" value="C:\Users\GurudattaHosahalliHa\.m2\repository"/>
    <property name="java.vendor.url.bug" value="https://techsupport.roguewave.com/"/>
    <property name="java.io.tmpdir" value="C:\Users\GURUDA~1\AppData\Local\Temp\"/>
    <property name="com.zaxxer.hikari.pool_number" value="1"/>
    <property name="java.version" value="17.0.16"/>
    <property name="user.dir" value="C:\Users\GurudattaHosahalliHa\D Drive\Workspace1\MyService"/>
    <property name="os.arch" value="amd64"/>
    <property name="java.vm.specification.name" value="Java Virtual Machine Specification"/>
    <property name="PID" value="22948"/>
    <property name="sun.os.patch.level" value=""/>
    <property name="CONSOLE_LOG_CHARSET" value="windows-1252"/>
    <property name="native.encoding" value="Cp1252"/>
    <property name="java.library.path" value="C:\Users\GurudattaHosahalliHa\D Drive\java\openlogic-openjdk-17.0.16+8-windows-x64\bin;C:\Windows\Sun\Java\bin;C:\Windows\system32;C:\Windows;C:\Windows\system32;C:\Windows;C:\Windows\System32\Wbem;C:\Windows\System32\WindowsPowerShell\v1.0\;C:\Windows\System32\OpenSSH\;C:\Windows\system32;C:\Users\GurudattaHosahalliHa\AppData\Local\Microsoft\WindowsApps;C:\Users\GurudattaHosahalliHa\D Drive\cursor\resources\app\bin;C:\Users\GurudattaHosahalliHa\D Drive\java\openlogic-openjdk-17.0.16+8-windows-x64\bin;C:\Users\GurudattaHosahalliHa\D Drive\maven\apache-maven-3.9.11\bin;;."/>
    <property name="java.vm.info" value="mixed mode, sharing"/>
    <property name="java.vendor" value="OpenLogic"/>
    <property name="java.vm.version" value="17.0.16+8-adhoc..jdk17u"/>
    <property name="java.specification.maintenance.version" value="1"/>
    <property name="sun.io.unicode.encoding" value="UnicodeLittle"/>
    <property name="java.class.version" value="61.0"/>
    <property name="LOGGED_APPLICATION_NAME" value="[MyService] "/>
  </properties>
  <testcase name="contextLoads" classname="com.example.ServiceArchetypeApplicationTests" time="0.016">
    <system-out><![CDATA[15:21:50.630 [main] INFO org.springframework.test.context.support.AnnotationConfigContextLoaderUtils -- Could not detect default configuration classes for test class [com.example.ServiceArchetypeApplicationTests]: ServiceArchetypeApplicationTests does not declare any static, non-private, non-final, nested classes annotated with @Configuration.
15:21:50.845 [main] INFO org.springframework.boot.test.context.SpringBootTestContextBootstrapper -- Found @SpringBootConfiguration com.example.Application for test class com.example.ServiceArchetypeApplicationTests

  .   ____          _            __ _ _
 /\\ / ___'_ __ _ _(_)_ __  __ _ \ \ \ \
( ( )\___ | '_ | '_| | '_ \/ _` | \ \ \ \
 \\/  ___)| |_)| | | | | || (_| |  ) ) ) )
  '  |____| .__|_| |_|_| |_\__, | / / / /
 =========|_|==============|___/=/_/_/_/

 :: Spring Boot ::                (v3.5.4)

2025-08-20T15:21:51.257+05:30  INFO 22948 --- [MyService] [           main] c.e.ServiceArchetypeApplicationTests     : Starting ServiceArchetypeApplicationTests using Java 17.0.16 with PID 22948 (started by GurudattaHosahalliHa in C:\Users\GurudattaHosahalliHa\D Drive\Workspace1\MyService)
2025-08-20T15:21:51.259+05:30  INFO 22948 --- [MyService] [           main] c.e.ServiceArchetypeApplicationTests     : No active profile set, falling back to 1 default profile: "default"
2025-08-20T15:21:52.376+05:30  INFO 22948 --- [MyService] [           main] .s.d.r.c.RepositoryConfigurationDelegate : Bootstrapping Spring Data JPA repositories in DEFAULT mode.
2025-08-20T15:21:52.448+05:30  INFO 22948 --- [MyService] [           main] .s.d.r.c.RepositoryConfigurationDelegate : Finished Spring Data repository scanning in 58 ms. Found 1 JPA repository interface.
2025-08-20T15:21:52.984+05:30 DEBUG 22948 --- [MyService] [           main] com.zaxxer.hikari.HikariConfig           : Class org.h2.Driver found in Thread context class loader jdk.internal.loader.ClassLoaders$AppClassLoader@c387f44
2025-08-20T15:21:53.061+05:30 DEBUG 22948 --- [MyService] [           main] com.zaxxer.hikari.HikariConfig           : HikariPool-1 - configuration:
2025-08-20T15:21:53.066+05:30 DEBUG 22948 --- [MyService] [           main] com.zaxxer.hikari.HikariConfig           : allowPoolSuspension.............false
2025-08-20T15:21:53.066+05:30 DEBUG 22948 --- [MyService] [           main] com.zaxxer.hikari.HikariConfig           : autoCommit......................true
2025-08-20T15:21:53.066+05:30 DEBUG 22948 --- [MyService] [           main] com.zaxxer.hikari.HikariConfig           : catalog.........................none
2025-08-20T15:21:53.066+05:30 DEBUG 22948 --- [MyService] [           main] com.zaxxer.hikari.HikariConfig           : connectionInitSql...............none
2025-08-20T15:21:53.066+05:30 DEBUG 22948 --- [MyService] [           main] com.zaxxer.hikari.HikariConfig           : connectionTestQuery.............none
2025-08-20T15:21:53.066+05:30 DEBUG 22948 --- [MyService] [           main] com.zaxxer.hikari.HikariConfig           : connectionTimeout...............30000
2025-08-20T15:21:53.066+05:30 DEBUG 22948 --- [MyService] [           main] com.zaxxer.hikari.HikariConfig           : credentials.....................com.zaxxer.hikari.util.Credentials@6127ef86
2025-08-20T15:21:53.067+05:30 DEBUG 22948 --- [MyService] [           main] com.zaxxer.hikari.HikariConfig           : dataSource......................none
2025-08-20T15:21:53.067+05:30 DEBUG 22948 --- [MyService] [           main] com.zaxxer.hikari.HikariConfig           : dataSourceClassName.............none
2025-08-20T15:21:53.067+05:30 DEBUG 22948 --- [MyService] [           main] com.zaxxer.hikari.HikariConfig           : dataSourceJNDI..................none
2025-08-20T15:21:53.067+05:30 DEBUG 22948 --- [MyService] [           main] com.zaxxer.hikari.HikariConfig           : dataSourceProperties............{password=<masked>}
2025-08-20T15:21:53.067+05:30 DEBUG 22948 --- [MyService] [           main] com.zaxxer.hikari.HikariConfig           : driverClassName................."org.h2.Driver"
2025-08-20T15:21:53.067+05:30 DEBUG 22948 --- [MyService] [           main] com.zaxxer.hikari.HikariConfig           : exceptionOverride...............none
2025-08-20T15:21:53.067+05:30 DEBUG 22948 --- [MyService] [           main] com.zaxxer.hikari.HikariConfig           : exceptionOverrideClassName......none
2025-08-20T15:21:53.067+05:30 DEBUG 22948 --- [MyService] [           main] com.zaxxer.hikari.HikariConfig           : healthCheckProperties...........{}
2025-08-20T15:21:53.067+05:30 DEBUG 22948 --- [MyService] [           main] com.zaxxer.hikari.HikariConfig           : healthCheckRegistry.............none
2025-08-20T15:21:53.067+05:30 DEBUG 22948 --- [MyService] [           main] com.zaxxer.hikari.HikariConfig           : idleTimeout.....................600000
2025-08-20T15:21:53.067+05:30 DEBUG 22948 --- [MyService] [           main] com.zaxxer.hikari.HikariConfig           : initializationFailTimeout.......1
2025-08-20T15:21:53.067+05:30 DEBUG 22948 --- [MyService] [           main] com.zaxxer.hikari.HikariConfig           : isolateInternalQueries..........false
2025-08-20T15:21:53.067+05:30 DEBUG 22948 --- [MyService] [           main] com.zaxxer.hikari.HikariConfig           : jdbcUrl.........................jdbc:h2:mem:02a13984-e463-4e92-934f-1e950df12b02;DB_CLOSE_DELAY=-1;DB_CLOSE_ON_EXIT=FALSE
2025-08-20T15:21:53.068+05:30 DEBUG 22948 --- [MyService] [           main] com.zaxxer.hikari.HikariConfig           : keepaliveTime...................120000
2025-08-20T15:21:53.068+05:30 DEBUG 22948 --- [MyService] [           main] com.zaxxer.hikari.HikariConfig           : leakDetectionThreshold..........0
2025-08-20T15:21:53.068+05:30 DEBUG 22948 --- [MyService] [           main] com.zaxxer.hikari.HikariConfig           : maxLifetime.....................1800000
2025-08-20T15:21:53.068+05:30 DEBUG 22948 --- [MyService] [           main] com.zaxxer.hikari.HikariConfig           : maximumPoolSize.................10
2025-08-20T15:21:53.068+05:30 DEBUG 22948 --- [MyService] [           main] com.zaxxer.hikari.HikariConfig           : metricRegistry..................none
2025-08-20T15:21:53.068+05:30 DEBUG 22948 --- [MyService] [           main] com.zaxxer.hikari.HikariConfig           : metricsTrackerFactory...........none
2025-08-20T15:21:53.068+05:30 DEBUG 22948 --- [MyService] [           main] com.zaxxer.hikari.HikariConfig           : minimumIdle.....................10
2025-08-20T15:21:53.068+05:30 DEBUG 22948 --- [MyService] [           main] com.zaxxer.hikari.HikariConfig           : password........................<masked>
2025-08-20T15:21:53.068+05:30 DEBUG 22948 --- [MyService] [           main] com.zaxxer.hikari.HikariConfig           : poolName........................"HikariPool-1"
2025-08-20T15:21:53.068+05:30 DEBUG 22948 --- [MyService] [           main] com.zaxxer.hikari.HikariConfig           : readOnly........................false
2025-08-20T15:21:53.068+05:30 DEBUG 22948 --- [MyService] [           main] com.zaxxer.hikari.HikariConfig           : registerMbeans..................false
2025-08-20T15:21:53.068+05:30 DEBUG 22948 --- [MyService] [           main] com.zaxxer.hikari.HikariConfig           : scheduledExecutor...............none
2025-08-20T15:21:53.068+05:30 DEBUG 22948 --- [MyService] [           main] com.zaxxer.hikari.HikariConfig           : schema..........................none
2025-08-20T15:21:53.069+05:30 DEBUG 22948 --- [MyService] [           main] com.zaxxer.hikari.HikariConfig           : threadFactory...................internal
2025-08-20T15:21:53.069+05:30 DEBUG 22948 --- [MyService] [           main] com.zaxxer.hikari.HikariConfig           : transactionIsolation............default
2025-08-20T15:21:53.069+05:30 DEBUG 22948 --- [MyService] [           main] com.zaxxer.hikari.HikariConfig           : username........................"sa"
2025-08-20T15:21:53.069+05:30 DEBUG 22948 --- [MyService] [           main] com.zaxxer.hikari.HikariConfig           : validationTimeout...............5000
2025-08-20T15:21:53.069+05:30  INFO 22948 --- [MyService] [           main] com.zaxxer.hikari.HikariDataSource       : HikariPool-1 - Starting...
2025-08-20T15:21:53.083+05:30 DEBUG 22948 --- [MyService] [           main] com.zaxxer.hikari.pool.PoolBase          : HikariPool-1 - Attempting to create/setup new connection (814f5e1f-15fe-4652-a762-cbb4f4c5ce66)
2025-08-20T15:21:53.262+05:30 DEBUG 22948 --- [MyService] [           main] com.zaxxer.hikari.pool.PoolBase          : HikariPool-1 - Established new connection (814f5e1f-15fe-4652-a762-cbb4f4c5ce66)
2025-08-20T15:21:53.263+05:30  INFO 22948 --- [MyService] [           main] com.zaxxer.hikari.pool.HikariPool        : HikariPool-1 - Added connection conn0: url=jdbc:h2:mem:02a13984-e463-4e92-934f-1e950df12b02 user=SA
2025-08-20T15:21:53.267+05:30  INFO 22948 --- [MyService] [           main] com.zaxxer.hikari.HikariDataSource       : HikariPool-1 - Start completed.
2025-08-20T15:21:53.345+05:30  INFO 22948 --- [MyService] [           main] o.hibernate.jpa.internal.util.LogHelper  : HHH000204: Processing PersistenceUnitInfo [name: default]
2025-08-20T15:21:53.378+05:30 DEBUG 22948 --- [MyService] [l-1:housekeeper] com.zaxxer.hikari.pool.HikariPool        : HikariPool-1 - Pool stats (total=1/10, idle=1/10, active=0, waiting=0)
2025-08-20T15:21:53.379+05:30 DEBUG 22948 --- [MyService] [onnection-adder] com.zaxxer.hikari.pool.PoolBase          : HikariPool-1 - Attempting to create/setup new connection (64da159d-d7f9-490b-945d-d0580a28f825)
2025-08-20T15:21:53.380+05:30 DEBUG 22948 --- [MyService] [onnection-adder] com.zaxxer.hikari.pool.PoolBase          : HikariPool-1 - Established new connection (64da159d-d7f9-490b-945d-d0580a28f825)
2025-08-20T15:21:53.381+05:30 DEBUG 22948 --- [MyService] [onnection-adder] com.zaxxer.hikari.pool.HikariPool        : HikariPool-1 - Added connection conn1: url=jdbc:h2:mem:02a13984-e463-4e92-934f-1e950df12b02 user=SA
2025-08-20T15:21:53.404+05:30  INFO 22948 --- [MyService] [           main] org.hibernate.Version                    : HHH000412: Hibernate ORM core version 6.6.22.Final
2025-08-20T15:21:53.424+05:30 DEBUG 22948 --- [MyService] [onnection-adder] com.zaxxer.hikari.pool.HikariPool        : HikariPool-1 - After adding stats (total=2/10, idle=2/10, active=0, waiting=0)
2025-08-20T15:21:53.424+05:30 DEBUG 22948 --- [MyService] [onnection-adder] com.zaxxer.hikari.pool.PoolBase          : HikariPool-1 - Attempting to create/setup new connection (ad05f400-b53d-47d7-a3d7-f0a59854bfa5)
2025-08-20T15:21:53.426+05:30 DEBUG 22948 --- [MyService] [onnection-adder] com.zaxxer.hikari.pool.PoolBase          : HikariPool-1 - Established new connection (ad05f400-b53d-47d7-a3d7-f0a59854bfa5)
2025-08-20T15:21:53.426+05:30 DEBUG 22948 --- [MyService] [onnection-adder] com.zaxxer.hikari.pool.HikariPool        : HikariPool-1 - Added connection conn2: url=jdbc:h2:mem:02a13984-e463-4e92-934f-1e950df12b02 user=SA
2025-08-20T15:21:53.437+05:30  INFO 22948 --- [MyService] [           main] o.h.c.internal.RegionFactoryInitiator    : HHH000026: Second-level cache disabled
2025-08-20T15:21:53.470+05:30 DEBUG 22948 --- [MyService] [onnection-adder] com.zaxxer.hikari.pool.HikariPool        : HikariPool-1 - After adding stats (total=3/10, idle=3/10, active=0, waiting=0)
2025-08-20T15:21:53.470+05:30 DEBUG 22948 --- [MyService] [onnection-adder] com.zaxxer.hikari.pool.PoolBase          : HikariPool-1 - Attempting to create/setup new connection (47e3684d-1293-46c4-bde4-9d9eed8a8960)
2025-08-20T15:21:53.472+05:30 DEBUG 22948 --- [MyService] [onnection-adder] com.zaxxer.hikari.pool.PoolBase          : HikariPool-1 - Established new connection (47e3684d-1293-46c4-bde4-9d9eed8a8960)
2025-08-20T15:21:53.472+05:30 DEBUG 22948 --- [MyService] [onnection-adder] com.zaxxer.hikari.pool.HikariPool        : HikariPool-1 - Added connection conn3: url=jdbc:h2:mem:02a13984-e463-4e92-934f-1e950df12b02 user=SA
2025-08-20T15:21:53.516+05:30 DEBUG 22948 --- [MyService] [onnection-adder] com.zaxxer.hikari.pool.HikariPool        : HikariPool-1 - After adding stats (total=4/10, idle=4/10, active=0, waiting=0)
2025-08-20T15:21:53.516+05:30 DEBUG 22948 --- [MyService] [onnection-adder] com.zaxxer.hikari.pool.PoolBase          : HikariPool-1 - Attempting to create/setup new connection (f87c6030-9d82-4c40-b710-17146d71cff9)
2025-08-20T15:21:53.517+05:30 DEBUG 22948 --- [MyService] [onnection-adder] com.zaxxer.hikari.pool.PoolBase          : HikariPool-1 - Established new connection (f87c6030-9d82-4c40-b710-17146d71cff9)
2025-08-20T15:21:53.517+05:30 DEBUG 22948 --- [MyService] [onnection-adder] com.zaxxer.hikari.pool.HikariPool        : HikariPool-1 - Added connection conn4: url=jdbc:h2:mem:02a13984-e463-4e92-934f-1e950df12b02 user=SA
2025-08-20T15:21:53.532+05:30  INFO 22948 --- [MyService] [           main] o.s.o.j.p.SpringPersistenceUnitInfo      : No LoadTimeWeaver setup: ignoring JPA class transformer
2025-08-20T15:21:53.549+05:30 DEBUG 22948 --- [MyService] [onnection-adder] com.zaxxer.hikari.pool.HikariPool        : HikariPool-1 - After adding stats (total=5/10, idle=5/10, active=0, waiting=0)
2025-08-20T15:21:53.549+05:30 DEBUG 22948 --- [MyService] [onnection-adder] com.zaxxer.hikari.pool.PoolBase          : HikariPool-1 - Attempting to create/setup new connection (6b0fa43a-6b6e-4f9c-a28f-afcd6e6fb964)
2025-08-20T15:21:53.549+05:30 DEBUG 22948 --- [MyService] [onnection-adder] com.zaxxer.hikari.pool.PoolBase          : HikariPool-1 - Established new connection (6b0fa43a-6b6e-4f9c-a28f-afcd6e6fb964)
2025-08-20T15:21:53.549+05:30 DEBUG 22948 --- [MyService] [onnection-adder] com.zaxxer.hikari.pool.HikariPool        : HikariPool-1 - Added connection conn5: url=jdbc:h2:mem:02a13984-e463-4e92-934f-1e950df12b02 user=SA
2025-08-20T15:21:53.580+05:30 DEBUG 22948 --- [MyService] [onnection-adder] com.zaxxer.hikari.pool.HikariPool        : HikariPool-1 - After adding stats (total=6/10, idle=5/10, active=1, waiting=0)
2025-08-20T15:21:53.580+05:30 DEBUG 22948 --- [MyService] [onnection-adder] com.zaxxer.hikari.pool.PoolBase          : HikariPool-1 - Attempting to create/setup new connection (46356af3-171b-4a68-b52f-6ef8d417be2c)
2025-08-20T15:21:53.581+05:30 DEBUG 22948 --- [MyService] [onnection-adder] com.zaxxer.hikari.pool.PoolBase          : HikariPool-1 - Established new connection (46356af3-171b-4a68-b52f-6ef8d417be2c)
2025-08-20T15:21:53.582+05:30 DEBUG 22948 --- [MyService] [onnection-adder] com.zaxxer.hikari.pool.HikariPool        : HikariPool-1 - Added connection conn6: url=jdbc:h2:mem:02a13984-e463-4e92-934f-1e950df12b02 user=SA
2025-08-20T15:21:53.607+05:30  INFO 22948 --- [MyService] [           main] org.hibernate.orm.connections.pooling    : HHH10001005: Database info:
	Database JDBC URL [Connecting through datasource 'HikariDataSource (HikariPool-1)']
	Database driver: undefined/unknown
	Database version: 2.3.232
	Autocommit mode: undefined/unknown
	Isolation level: undefined/unknown
	Minimum pool size: undefined/unknown
	Maximum pool size: undefined/unknown
2025-08-20T15:21:53.627+05:30 DEBUG 22948 --- [MyService] [onnection-adder] com.zaxxer.hikari.pool.HikariPool        : HikariPool-1 - After adding stats (total=7/10, idle=7/10, active=0, waiting=0)
2025-08-20T15:21:53.627+05:30 DEBUG 22948 --- [MyService] [onnection-adder] com.zaxxer.hikari.pool.PoolBase          : HikariPool-1 - Attempting to create/setup new connection (9ef670f1-eba7-4130-8eae-386446f02a43)
2025-08-20T15:21:53.627+05:30 DEBUG 22948 --- [MyService] [onnection-adder] com.zaxxer.hikari.pool.PoolBase          : HikariPool-1 - Established new connection (9ef670f1-eba7-4130-8eae-386446f02a43)
2025-08-20T15:21:53.627+05:30 DEBUG 22948 --- [MyService] [onnection-adder] com.zaxxer.hikari.pool.HikariPool        : HikariPool-1 - Added connection conn7: url=jdbc:h2:mem:02a13984-e463-4e92-934f-1e950df12b02 user=SA
2025-08-20T15:21:53.659+05:30 DEBUG 22948 --- [MyService] [onnection-adder] com.zaxxer.hikari.pool.HikariPool        : HikariPool-1 - After adding stats (total=8/10, idle=8/10, active=0, waiting=0)
2025-08-20T15:21:53.659+05:30 DEBUG 22948 --- [MyService] [onnection-adder] com.zaxxer.hikari.pool.PoolBase          : HikariPool-1 - Attempting to create/setup new connection (5f0dbef5-1fb2-46a9-9b75-9a872b4ad2ff)
2025-08-20T15:21:53.660+05:30 DEBUG 22948 --- [MyService] [onnection-adder] com.zaxxer.hikari.pool.PoolBase          : HikariPool-1 - Established new connection (5f0dbef5-1fb2-46a9-9b75-9a872b4ad2ff)
2025-08-20T15:21:53.660+05:30 DEBUG 22948 --- [MyService] [onnection-adder] com.zaxxer.hikari.pool.HikariPool        : HikariPool-1 - Added connection conn8: url=jdbc:h2:mem:02a13984-e463-4e92-934f-1e950df12b02 user=SA
2025-08-20T15:21:53.693+05:30 DEBUG 22948 --- [MyService] [onnection-adder] com.zaxxer.hikari.pool.HikariPool        : HikariPool-1 - After adding stats (total=9/10, idle=9/10, active=0, waiting=0)
2025-08-20T15:21:53.693+05:30 DEBUG 22948 --- [MyService] [onnection-adder] com.zaxxer.hikari.pool.PoolBase          : HikariPool-1 - Attempting to create/setup new connection (2c839ce8-4b7f-4459-8f8c-d3f7dd1dbb58)
2025-08-20T15:21:53.694+05:30 DEBUG 22948 --- [MyService] [onnection-adder] com.zaxxer.hikari.pool.PoolBase          : HikariPool-1 - Established new connection (2c839ce8-4b7f-4459-8f8c-d3f7dd1dbb58)
2025-08-20T15:21:53.694+05:30 DEBUG 22948 --- [MyService] [onnection-adder] com.zaxxer.hikari.pool.HikariPool        : HikariPool-1 - Added connection conn9: url=jdbc:h2:mem:02a13984-e463-4e92-934f-1e950df12b02 user=SA
2025-08-20T15:21:53.736+05:30 DEBUG 22948 --- [MyService] [onnection-adder] com.zaxxer.hikari.pool.HikariPool        : HikariPool-1 - After adding stats (total=10/10, idle=10/10, active=0, waiting=0)
2025-08-20T15:21:54.109+05:30  INFO 22948 --- [MyService] [           main] o.h.e.t.j.p.i.JtaPlatformInitiator       : HHH000489: No JTA platform available (set 'hibernate.transaction.jta.platform' to enable JTA platform integration)
2025-08-20T15:21:54.134+05:30  INFO 22948 --- [MyService] [           main] j.LocalContainerEntityManagerFactoryBean : Initialized JPA EntityManagerFactory for persistence unit 'default'
2025-08-20T15:21:54.417+05:30  WARN 22948 --- [MyService] [           main] JpaBaseConfiguration$JpaWebConfiguration : spring.jpa.open-in-view is enabled by default. Therefore, database queries may be performed during view rendering. Explicitly configure spring.jpa.open-in-view to disable this warning
2025-08-20T15:21:55.292+05:30  INFO 22948 --- [MyService] [           main] o.s.b.a.e.web.EndpointLinksResolver      : Exposing 1 endpoint beneath base path '/actuator'
2025-08-20T15:21:55.365+05:30  INFO 22948 --- [MyService] [           main] c.e.ServiceArchetypeApplicationTests     : Started ServiceArchetypeApplicationTests in 4.38 seconds (process running for 7.116)
]]></system-out>
  </testcase>
</testsuite>